<?xml version="1.0" encoding="UTF-8"?>
<!-- Generated by org.testng.reporters.JUnitReportReporter -->
<testsuite hostname="LAPTOP-AOJDMLP9" failures="0" tests="1" name="com.CRM.TestCases.LoginPageTest" time="0.811" errors="0" timestamp="30 Mar 2024 07:09:31 GMT" skipped="0">
  <testcase classname="com.CRM.TestCases.LoginPageTest" name="verifyLogin" time="0.811"/>
</testsuite> <!-- com.CRM.TestCases.LoginPageTest -->
